d:\visualstudio\vc++\图形学5_1120142053_徐晨浩\myopengl\myopengl\debug\myopengl.pch
d:\visualstudio\vc++\图形学5_1120142053_徐晨浩\myopengl\myopengl\debug\vc140.pdb
d:\visualstudio\vc++\图形学5_1120142053_徐晨浩\myopengl\myopengl\debug\vc140.idb
d:\visualstudio\vc++\图形学5_1120142053_徐晨浩\myopengl\myopengl\debug\stdafx.obj
d:\visualstudio\vc++\图形学5_1120142053_徐晨浩\myopengl\myopengl\debug\cglcamera.obj
d:\visualstudio\vc++\图形学5_1120142053_徐晨浩\myopengl\myopengl\debug\cglcontrol.obj
d:\visualstudio\vc++\图形学5_1120142053_徐晨浩\myopengl\myopengl\debug\cgleuler.obj
d:\visualstudio\vc++\图形学5_1120142053_徐晨浩\myopengl\myopengl\debug\cglfont.obj
d:\visualstudio\vc++\图形学5_1120142053_徐晨浩\myopengl\myopengl\debug\cglmaterial.obj
d:\visualstudio\vc++\图形学5_1120142053_徐晨浩\myopengl\myopengl\debug\cglmath.obj
d:\visualstudio\vc++\图形学5_1120142053_徐晨浩\myopengl\myopengl\debug\cglmatrix.obj
d:\visualstudio\vc++\图形学5_1120142053_徐晨浩\myopengl\myopengl\debug\cglparticle.obj
d:\visualstudio\vc++\图形学5_1120142053_徐晨浩\myopengl\myopengl\debug\cglparticlectrl.obj
d:\visualstudio\vc++\图形学5_1120142053_徐晨浩\myopengl\myopengl\debug\cglpicload.obj
d:\visualstudio\vc++\图形学5_1120142053_徐晨浩\myopengl\myopengl\debug\cglquaternion.obj
d:\visualstudio\vc++\图形学5_1120142053_徐晨浩\myopengl\myopengl\debug\cglshape.obj
d:\visualstudio\vc++\图形学5_1120142053_徐晨浩\myopengl\myopengl\debug\cglvector3.obj
d:\visualstudio\vc++\图形学5_1120142053_徐晨浩\myopengl\myopengl\debug\myopengl.obj
d:\visualstudio\vc++\图形学5_1120142053_徐晨浩\myopengl\myopengl\debug\opengl.obj
d:\visualstudio\vc++\图形学5_1120142053_徐晨浩\myopengl\myopengl\debug\dllmain.obj
d:\visualstudio\vc++\图形学5_1120142053_徐晨浩\myopengl\debug\myopengl.ilk
d:\visualstudio\vc++\图形学5_1120142053_徐晨浩\myopengl\debug\myopengl.dll
d:\visualstudio\vc++\图形学5_1120142053_徐晨浩\myopengl\debug\myopengl.pdb
d:\visualstudio\vc++\图形学5_1120142053_徐晨浩\myopengl\debug\myopengl.lib
d:\visualstudio\vc++\图形学5_1120142053_徐晨浩\myopengl\debug\myopengl.exp
d:\visualstudio\vc++\图形学5_1120142053_徐晨浩\myopengl\myopengl\debug\myopengl.res
d:\visualstudio\vc++\图形学5_1120142053_徐晨浩\myopengl\myopengl\debug\myopengl.tlog\cl.command.1.tlog
d:\visualstudio\vc++\图形学5_1120142053_徐晨浩\myopengl\myopengl\debug\myopengl.tlog\cl.read.1.tlog
d:\visualstudio\vc++\图形学5_1120142053_徐晨浩\myopengl\myopengl\debug\myopengl.tlog\cl.write.1.tlog
d:\visualstudio\vc++\图形学5_1120142053_徐晨浩\myopengl\myopengl\debug\myopengl.tlog\link.command.1.tlog
d:\visualstudio\vc++\图形学5_1120142053_徐晨浩\myopengl\myopengl\debug\myopengl.tlog\link.read.1.tlog
d:\visualstudio\vc++\图形学5_1120142053_徐晨浩\myopengl\myopengl\debug\myopengl.tlog\link.write.1.tlog
d:\visualstudio\vc++\图形学5_1120142053_徐晨浩\myopengl\myopengl\debug\myopengl.tlog\myopengl.write.1u.tlog
d:\visualstudio\vc++\图形学5_1120142053_徐晨浩\myopengl\myopengl\debug\myopengl.tlog\rc.command.1.tlog
d:\visualstudio\vc++\图形学5_1120142053_徐晨浩\myopengl\myopengl\debug\myopengl.tlog\rc.read.1.tlog
d:\visualstudio\vc++\图形学5_1120142053_徐晨浩\myopengl\myopengl\debug\myopengl.tlog\rc.write.1.tlog
