d:\visualstudio\vc++\图形学5_1120142053_徐晨浩\spaceship\spaceship\debug\spaceship.pch
d:\visualstudio\vc++\图形学5_1120142053_徐晨浩\spaceship\spaceship\debug\vc140.pdb
d:\visualstudio\vc++\图形学5_1120142053_徐晨浩\spaceship\spaceship\debug\vc140.idb
d:\visualstudio\vc++\图形学5_1120142053_徐晨浩\spaceship\spaceship\debug\stdafx.obj
d:\visualstudio\vc++\图形学5_1120142053_徐晨浩\spaceship\spaceship\debug\cglplane.obj
d:\visualstudio\vc++\图形学5_1120142053_徐晨浩\spaceship\spaceship\debug\cmyopengl.obj
d:\visualstudio\vc++\图形学5_1120142053_徐晨浩\spaceship\spaceship\debug\mainfrm.obj
d:\visualstudio\vc++\图形学5_1120142053_徐晨浩\spaceship\spaceship\debug\spaceship.obj
d:\visualstudio\vc++\图形学5_1120142053_徐晨浩\spaceship\spaceship\debug\spaceshipdoc.obj
d:\visualstudio\vc++\图形学5_1120142053_徐晨浩\spaceship\spaceship\debug\spaceshipview.obj
d:\visualstudio\vc++\图形学5_1120142053_徐晨浩\spaceship\debug\spaceship.ilk
d:\visualstudio\vc++\图形学5_1120142053_徐晨浩\spaceship\debug\spaceship.exe
d:\visualstudio\vc++\图形学5_1120142053_徐晨浩\spaceship\debug\spaceship.pdb
d:\visualstudio\vc++\图形学5_1120142053_徐晨浩\spaceship\spaceship\debug\spaceship.res
d:\visualstudio\vc++\图形学5_1120142053_徐晨浩\spaceship\debug\spaceship.lib
d:\visualstudio\vc++\图形学5_1120142053_徐晨浩\spaceship\debug\spaceship.exp
d:\visualstudio\vc++\图形学5_1120142053_徐晨浩\spaceship\spaceship\debug\spaceship.tlog\cl.command.1.tlog
d:\visualstudio\vc++\图形学5_1120142053_徐晨浩\spaceship\spaceship\debug\spaceship.tlog\cl.read.1.tlog
d:\visualstudio\vc++\图形学5_1120142053_徐晨浩\spaceship\spaceship\debug\spaceship.tlog\cl.write.1.tlog
d:\visualstudio\vc++\图形学5_1120142053_徐晨浩\spaceship\spaceship\debug\spaceship.tlog\link.command.1.tlog
d:\visualstudio\vc++\图形学5_1120142053_徐晨浩\spaceship\spaceship\debug\spaceship.tlog\link.read.1.tlog
d:\visualstudio\vc++\图形学5_1120142053_徐晨浩\spaceship\spaceship\debug\spaceship.tlog\link.write.1.tlog
d:\visualstudio\vc++\图形学5_1120142053_徐晨浩\spaceship\spaceship\debug\spaceship.tlog\rc.command.1.tlog
d:\visualstudio\vc++\图形学5_1120142053_徐晨浩\spaceship\spaceship\debug\spaceship.tlog\rc.read.1.tlog
d:\visualstudio\vc++\图形学5_1120142053_徐晨浩\spaceship\spaceship\debug\spaceship.tlog\rc.write.1.tlog
d:\visualstudio\vc++\图形学5_1120142053_徐晨浩\spaceship\spaceship\debug\spaceship.tlog\spaceship.write.1u.tlog
